2022-12-03 08:44:27,354 [INFO] com.eshoppingzone.ProductMicroserviceApplication [restartedMain] Starting ProductMicroserviceApplication using Java 17.0.5 with PID 10712 (C:\Users\suschint\Downloads\Product-Microservice\target\classes started by suschint in C:\Users\suschint\Downloads\Product-Microservice)
2022-12-03 08:44:27,371 [DEBUG] com.eshoppingzone.ProductMicroserviceApplication [restartedMain] Running with Spring Boot v3.0.0, Spring v6.0.2
2022-12-03 08:44:27,372 [INFO] com.eshoppingzone.ProductMicroserviceApplication [restartedMain] No active profile set, falling back to 1 default profile: "default"
2022-12-03 08:44:27,468 [INFO] org.springframework.boot.devtools.env.DevToolsPropertyDefaultsPostProcessor [restartedMain] Devtools property defaults active! Set 'spring.devtools.add-properties' to 'false' to disable
2022-12-03 08:44:27,469 [INFO] org.springframework.boot.devtools.env.DevToolsPropertyDefaultsPostProcessor [restartedMain] For additional web related logging consider setting the 'logging.level.web' property to 'DEBUG'
2022-12-03 08:44:28,369 [INFO] org.springframework.data.repository.config.RepositoryConfigurationDelegate [restartedMain] Bootstrapping Spring Data MongoDB repositories in DEFAULT mode.
2022-12-03 08:44:28,579 [INFO] org.springframework.data.repository.config.RepositoryConfigurationDelegate [restartedMain] Finished Spring Data repository scanning in 202 ms. Found 1 MongoDB repository interfaces.
2022-12-03 08:44:28,981 [INFO] org.springframework.cloud.context.scope.GenericScope [restartedMain] BeanFactory id=083595be-77ec-3308-86ed-fc9cb73559a5
2022-12-03 08:44:29,813 [INFO] org.springframework.boot.web.embedded.tomcat.TomcatWebServer [restartedMain] Tomcat initialized with port(s): 2222 (http)
2022-12-03 08:44:29,829 [INFO] org.apache.catalina.core.StandardService [restartedMain] Starting service [Tomcat]
2022-12-03 08:44:29,831 [INFO] org.apache.catalina.core.StandardEngine [restartedMain] Starting Servlet engine: [Apache Tomcat/10.1.1]
2022-12-03 08:44:29,930 [INFO] org.apache.catalina.core.ContainerBase.[Tomcat].[localhost].[/] [restartedMain] Initializing Spring embedded WebApplicationContext
2022-12-03 08:44:29,931 [INFO] org.springframework.boot.web.servlet.context.ServletWebServerApplicationContext [restartedMain] Root WebApplicationContext: initialization completed in 2461 ms
2022-12-03 08:44:30,230 [INFO] org.mongodb.driver.client [restartedMain] MongoClient with metadata {"driver": {"name": "mongo-java-driver|sync|spring-boot", "version": "4.8.0"}, "os": {"type": "Windows", "name": "Windows 11", "architecture": "amd64", "version": "10.0"}, "platform": "Java/Eclipse Adoptium/17.0.5+8"} created with settings MongoClientSettings{readPreference=primary, writeConcern=WriteConcern{w=majority, wTimeout=null ms, journal=null}, retryWrites=true, retryReads=true, readConcern=ReadConcern{level=null}, credential=MongoCredential{mechanism=null, userName='chinthalasushma2801', source='admin', password=<hidden>, mechanismProperties=<hidden>}, streamFactoryFactory=null, commandListeners=[], codecRegistry=ProvidersCodecRegistry{codecProviders=[ValueCodecProvider{}, BsonValueCodecProvider{}, DBRefCodecProvider{}, DBObjectCodecProvider{}, DocumentCodecProvider{}, CollectionCodecProvider{}, IterableCodecProvider{}, MapCodecProvider{}, GeoJsonCodecProvider{}, GridFSFileCodecProvider{}, Jsr310CodecProvider{}, JsonObjectCodecProvider{}, BsonCodecProvider{}, EnumCodecProvider{}, com.mongodb.Jep395RecordCodecProvider@6b9a5223]}, clusterSettings={hosts=[127.0.0.1:27017], srvHost=cluster0.2rl58gn.mongodb.net, srvServiceName=mongodb, mode=MULTIPLE, requiredClusterType=REPLICA_SET, requiredReplicaSetName='atlas-d0mgbp-shard-0', serverSelector='null', clusterListeners='[]', serverSelectionTimeout='30000 ms', localThreshold='30000 ms'}, socketSettings=SocketSettings{connectTimeoutMS=10000, readTimeoutMS=0, receiveBufferSize=0, sendBufferSize=0}, heartbeatSocketSettings=SocketSettings{connectTimeoutMS=10000, readTimeoutMS=10000, receiveBufferSize=0, sendBufferSize=0}, connectionPoolSettings=ConnectionPoolSettings{maxSize=100, minSize=0, maxWaitTimeMS=120000, maxConnectionLifeTimeMS=0, maxConnectionIdleTimeMS=0, maintenanceInitialDelayMS=0, maintenanceFrequencyMS=60000, connectionPoolListeners=[], maxConnecting=2}, serverSettings=ServerSettings{heartbeatFrequencyMS=10000, minHeartbeatFrequencyMS=500, serverListeners='[]', serverMonitorListeners='[]'}, sslSettings=SslSettings{enabled=true, invalidHostNameAllowed=false, context=null}, applicationName='null', compressorList=[], uuidRepresentation=JAVA_LEGACY, serverApi=null, autoEncryptionSettings=null, contextProvider=null}
2022-12-03 08:44:30,234 [INFO] org.mongodb.driver.cluster [cluster-ClusterId{value='638abf1693ecd06d9b153073', description='null'}-srv-cluster0.2rl58gn.mongodb.net] Adding discovered server ac-xgjsddw-shard-00-00.2rl58gn.mongodb.net:27017 to client view of cluster
2022-12-03 08:44:30,263 [INFO] org.mongodb.driver.cluster [cluster-ClusterId{value='638abf1693ecd06d9b153073', description='null'}-srv-cluster0.2rl58gn.mongodb.net] Adding discovered server ac-xgjsddw-shard-00-01.2rl58gn.mongodb.net:27017 to client view of cluster
2022-12-03 08:44:30,266 [INFO] org.mongodb.driver.cluster [cluster-ClusterId{value='638abf1693ecd06d9b153073', description='null'}-srv-cluster0.2rl58gn.mongodb.net] Adding discovered server ac-xgjsddw-shard-00-02.2rl58gn.mongodb.net:27017 to client view of cluster
2022-12-03 08:44:30,477 [INFO] org.springframework.boot.devtools.autoconfigure.OptionalLiveReloadServer [restartedMain] LiveReload server is running on port 35729
2022-12-03 08:44:30,904 [INFO] org.mongodb.driver.cluster [cluster-ClusterId{value='638abf1693ecd06d9b153073', description='null'}-ac-xgjsddw-shard-00-02.2rl58gn.mongodb.net:27017] Monitor thread successfully connected to server with description ServerDescription{address=ac-xgjsddw-shard-00-02.2rl58gn.mongodb.net:27017, type=REPLICA_SET_PRIMARY, state=CONNECTED, ok=true, minWireVersion=0, maxWireVersion=13, maxDocumentSize=16777216, logicalSessionTimeoutMinutes=30, roundTripTimeNanos=348855200, setName='atlas-d0mgbp-shard-0', canonicalAddress=ac-xgjsddw-shard-00-02.2rl58gn.mongodb.net:27017, hosts=[ac-xgjsddw-shard-00-00.2rl58gn.mongodb.net:27017, ac-xgjsddw-shard-00-01.2rl58gn.mongodb.net:27017, ac-xgjsddw-shard-00-02.2rl58gn.mongodb.net:27017], passives=[], arbiters=[], primary='ac-xgjsddw-shard-00-02.2rl58gn.mongodb.net:27017', tagSet=TagSet{[Tag{name='nodeType', value='ELECTABLE'}, Tag{name='provider', value='AWS'}, Tag{name='region', value='AP_SOUTH_1'}, Tag{name='workloadType', value='OPERATIONAL'}]}, electionId=7fffffff0000000000000091, setVersion=4, topologyVersion=TopologyVersion{processId=6387254dc1bd833b64b6cd93, counter=6}, lastWriteDate=Sat Dec 03 08:44:30 IST 2022, lastUpdateTimeNanos=765008971250900}
2022-12-03 08:44:30,904 [INFO] org.mongodb.driver.cluster [cluster-ClusterId{value='638abf1693ecd06d9b153073', description='null'}-ac-xgjsddw-shard-00-00.2rl58gn.mongodb.net:27017] Monitor thread successfully connected to server with description ServerDescription{address=ac-xgjsddw-shard-00-00.2rl58gn.mongodb.net:27017, type=REPLICA_SET_SECONDARY, state=CONNECTED, ok=true, minWireVersion=0, maxWireVersion=13, maxDocumentSize=16777216, logicalSessionTimeoutMinutes=30, roundTripTimeNanos=348904700, setName='atlas-d0mgbp-shard-0', canonicalAddress=ac-xgjsddw-shard-00-00.2rl58gn.mongodb.net:27017, hosts=[ac-xgjsddw-shard-00-00.2rl58gn.mongodb.net:27017, ac-xgjsddw-shard-00-01.2rl58gn.mongodb.net:27017, ac-xgjsddw-shard-00-02.2rl58gn.mongodb.net:27017], passives=[], arbiters=[], primary='ac-xgjsddw-shard-00-02.2rl58gn.mongodb.net:27017', tagSet=TagSet{[Tag{name='nodeType', value='ELECTABLE'}, Tag{name='provider', value='AWS'}, Tag{name='region', value='AP_SOUTH_1'}, Tag{name='workloadType', value='OPERATIONAL'}]}, electionId=null, setVersion=4, topologyVersion=TopologyVersion{processId=63872447802db73af5cfc62f, counter=4}, lastWriteDate=Sat Dec 03 08:44:30 IST 2022, lastUpdateTimeNanos=765008971251000}
2022-12-03 08:44:30,904 [INFO] org.mongodb.driver.cluster [cluster-ClusterId{value='638abf1693ecd06d9b153073', description='null'}-ac-xgjsddw-shard-00-01.2rl58gn.mongodb.net:27017] Monitor thread successfully connected to server with description ServerDescription{address=ac-xgjsddw-shard-00-01.2rl58gn.mongodb.net:27017, type=REPLICA_SET_SECONDARY, state=CONNECTED, ok=true, minWireVersion=0, maxWireVersion=13, maxDocumentSize=16777216, logicalSessionTimeoutMinutes=30, roundTripTimeNanos=349104900, setName='atlas-d0mgbp-shard-0', canonicalAddress=ac-xgjsddw-shard-00-01.2rl58gn.mongodb.net:27017, hosts=[ac-xgjsddw-shard-00-00.2rl58gn.mongodb.net:27017, ac-xgjsddw-shard-00-01.2rl58gn.mongodb.net:27017, ac-xgjsddw-shard-00-02.2rl58gn.mongodb.net:27017], passives=[], arbiters=[], primary='ac-xgjsddw-shard-00-02.2rl58gn.mongodb.net:27017', tagSet=TagSet{[Tag{name='nodeType', value='ELECTABLE'}, Tag{name='provider', value='AWS'}, Tag{name='region', value='AP_SOUTH_1'}, Tag{name='workloadType', value='OPERATIONAL'}]}, electionId=null, setVersion=4, topologyVersion=TopologyVersion{processId=6387266241c4da109a02474c, counter=3}, lastWriteDate=Sat Dec 03 08:44:30 IST 2022, lastUpdateTimeNanos=765008971444900}
2022-12-03 08:44:30,915 [INFO] org.mongodb.driver.cluster [cluster-ClusterId{value='638abf1693ecd06d9b153073', description='null'}-ac-xgjsddw-shard-00-02.2rl58gn.mongodb.net:27017] Discovered replica set primary ac-xgjsddw-shard-00-02.2rl58gn.mongodb.net:27017 with max election id 7fffffff0000000000000091 and max set version 4
2022-12-03 08:44:32,165 [INFO] org.springframework.cloud.netflix.eureka.config.DiscoveryClientOptionalArgsConfiguration [restartedMain] Eureka HTTP Client uses RestTemplate.
2022-12-03 08:44:32,393 [WARN] org.springframework.cloud.loadbalancer.config.LoadBalancerCacheAutoConfiguration$LoadBalancerCaffeineWarnLogger [restartedMain] Spring Cloud LoadBalancer is currently working with the default cache. While this cache implementation is useful for development and tests, it's recommended to use Caffeine cache in production.You can switch to using Caffeine cache, by adding it and org.springframework.cache.caffeine.CaffeineCacheManager to the classpath.
2022-12-03 08:44:32,439 [INFO] org.springframework.cloud.netflix.eureka.InstanceInfoFactory [restartedMain] Setting initial instance status as: STARTING
2022-12-03 08:44:32,576 [INFO] com.netflix.discovery.DiscoveryClient [restartedMain] Initializing Eureka in region us-east-1
2022-12-03 08:44:32,587 [INFO] com.netflix.discovery.shared.resolver.aws.ConfigClusterResolver [restartedMain] Resolving eureka endpoints via configuration
2022-12-03 08:44:32,637 [INFO] com.netflix.discovery.DiscoveryClient [restartedMain] Disable delta property : false
2022-12-03 08:44:32,638 [INFO] com.netflix.discovery.DiscoveryClient [restartedMain] Single vip registry refresh property : null
2022-12-03 08:44:32,638 [INFO] com.netflix.discovery.DiscoveryClient [restartedMain] Force full registry fetch : false
2022-12-03 08:44:32,638 [INFO] com.netflix.discovery.DiscoveryClient [restartedMain] Application is null : false
2022-12-03 08:44:32,638 [INFO] com.netflix.discovery.DiscoveryClient [restartedMain] Registered Applications size is zero : true
2022-12-03 08:44:32,639 [INFO] com.netflix.discovery.DiscoveryClient [restartedMain] Application version is -1: true
2022-12-03 08:44:32,639 [INFO] com.netflix.discovery.DiscoveryClient [restartedMain] Getting all instance registry info from the eureka server
2022-12-03 08:44:33,227 [INFO] com.netflix.discovery.DiscoveryClient [restartedMain] The response status is 200
2022-12-03 08:44:33,231 [INFO] com.netflix.discovery.DiscoveryClient [restartedMain] Starting heartbeat executor: renew interval is: 30
2022-12-03 08:44:33,237 [INFO] com.netflix.discovery.InstanceInfoReplicator [restartedMain] InstanceInfoReplicator onDemand update allowed rate per min is 4
2022-12-03 08:44:33,244 [INFO] com.netflix.discovery.DiscoveryClient [restartedMain] Discovery Client initialized at timestamp 1670037273242 with initial instances count: 0
2022-12-03 08:44:33,247 [INFO] org.springframework.cloud.netflix.eureka.serviceregistry.EurekaServiceRegistry [restartedMain] Registering application PRODUCT-SERVICE with eureka with status UP
2022-12-03 08:44:33,248 [INFO] com.netflix.discovery.DiscoveryClient [restartedMain] Saw local status change event StatusChangeEvent [timestamp=1670037273248, current=UP, previous=STARTING]
2022-12-03 08:44:33,251 [INFO] com.netflix.discovery.DiscoveryClient [DiscoveryClient-InstanceInfoReplicator-0] DiscoveryClient_PRODUCT-SERVICE/INLEN8520020224.corp.capgemini.com:product-service:2222: registering service...
2022-12-03 08:44:33,292 [INFO] org.springframework.boot.web.embedded.tomcat.TomcatWebServer [restartedMain] Tomcat started on port(s): 2222 (http) with context path ''
2022-12-03 08:44:33,294 [INFO] org.springframework.cloud.netflix.eureka.serviceregistry.EurekaAutoServiceRegistration [restartedMain] Updating port to 2222
2022-12-03 08:44:33,500 [INFO] com.netflix.discovery.DiscoveryClient [DiscoveryClient-InstanceInfoReplicator-0] DiscoveryClient_PRODUCT-SERVICE/INLEN8520020224.corp.capgemini.com:product-service:2222 - registration status: 204
2022-12-03 08:44:33,538 [INFO] com.eshoppingzone.ProductMicroserviceApplication [restartedMain] Started ProductMicroserviceApplication in 6.94 seconds (process running for 7.695)
2022-12-03 08:45:03,245 [INFO] com.netflix.discovery.DiscoveryClient [DiscoveryClient-CacheRefreshExecutor-0] Disable delta property : false
2022-12-03 08:45:03,246 [INFO] com.netflix.discovery.DiscoveryClient [DiscoveryClient-CacheRefreshExecutor-0] Single vip registry refresh property : null
2022-12-03 08:45:03,246 [INFO] com.netflix.discovery.DiscoveryClient [DiscoveryClient-CacheRefreshExecutor-0] Force full registry fetch : false
2022-12-03 08:45:03,247 [INFO] com.netflix.discovery.DiscoveryClient [DiscoveryClient-CacheRefreshExecutor-0] Application is null : false
2022-12-03 08:45:03,247 [INFO] com.netflix.discovery.DiscoveryClient [DiscoveryClient-CacheRefreshExecutor-0] Registered Applications size is zero : true
2022-12-03 08:45:03,248 [INFO] com.netflix.discovery.DiscoveryClient [DiscoveryClient-CacheRefreshExecutor-0] Application version is -1: false
2022-12-03 08:45:03,249 [INFO] com.netflix.discovery.DiscoveryClient [DiscoveryClient-CacheRefreshExecutor-0] Getting all instance registry info from the eureka server
2022-12-03 08:45:03,267 [INFO] com.netflix.discovery.DiscoveryClient [DiscoveryClient-CacheRefreshExecutor-0] The response status is 200
2022-12-03 08:47:24,922 [INFO] com.eshoppingzone.ProductMicroserviceApplication [restartedMain] Starting ProductMicroserviceApplication using Java 17.0.5 with PID 3056 (C:\Users\suschint\Downloads\Product-Microservice\target\classes started by suschint in C:\Users\suschint\Downloads\Product-Microservice)
2022-12-03 08:47:24,925 [DEBUG] com.eshoppingzone.ProductMicroserviceApplication [restartedMain] Running with Spring Boot v3.0.0, Spring v6.0.2
2022-12-03 08:47:24,926 [INFO] com.eshoppingzone.ProductMicroserviceApplication [restartedMain] No active profile set, falling back to 1 default profile: "default"
2022-12-03 08:47:25,007 [INFO] org.springframework.boot.devtools.env.DevToolsPropertyDefaultsPostProcessor [restartedMain] Devtools property defaults active! Set 'spring.devtools.add-properties' to 'false' to disable
2022-12-03 08:47:25,007 [INFO] org.springframework.boot.devtools.env.DevToolsPropertyDefaultsPostProcessor [restartedMain] For additional web related logging consider setting the 'logging.level.web' property to 'DEBUG'
2022-12-03 08:47:25,860 [INFO] org.springframework.data.repository.config.RepositoryConfigurationDelegate [restartedMain] Bootstrapping Spring Data MongoDB repositories in DEFAULT mode.
2022-12-03 08:47:26,018 [INFO] org.springframework.data.repository.config.RepositoryConfigurationDelegate [restartedMain] Finished Spring Data repository scanning in 152 ms. Found 1 MongoDB repository interfaces.
2022-12-03 08:47:26,319 [INFO] org.springframework.cloud.context.scope.GenericScope [restartedMain] BeanFactory id=083595be-77ec-3308-86ed-fc9cb73559a5
2022-12-03 08:47:27,008 [INFO] org.springframework.boot.web.embedded.tomcat.TomcatWebServer [restartedMain] Tomcat initialized with port(s): 2222 (http)
2022-12-03 08:47:27,021 [INFO] org.apache.catalina.core.StandardService [restartedMain] Starting service [Tomcat]
2022-12-03 08:47:27,021 [INFO] org.apache.catalina.core.StandardEngine [restartedMain] Starting Servlet engine: [Apache Tomcat/10.1.1]
2022-12-03 08:47:27,114 [INFO] org.apache.catalina.core.ContainerBase.[Tomcat].[localhost].[/] [restartedMain] Initializing Spring embedded WebApplicationContext
2022-12-03 08:47:27,115 [INFO] org.springframework.boot.web.servlet.context.ServletWebServerApplicationContext [restartedMain] Root WebApplicationContext: initialization completed in 2106 ms
2022-12-03 08:47:27,486 [INFO] org.mongodb.driver.client [restartedMain] MongoClient with metadata {"driver": {"name": "mongo-java-driver|sync|spring-boot", "version": "4.8.0"}, "os": {"type": "Windows", "name": "Windows 11", "architecture": "amd64", "version": "10.0"}, "platform": "Java/Eclipse Adoptium/17.0.5+8"} created with settings MongoClientSettings{readPreference=primary, writeConcern=WriteConcern{w=majority, wTimeout=null ms, journal=null}, retryWrites=true, retryReads=true, readConcern=ReadConcern{level=null}, credential=MongoCredential{mechanism=null, userName='chinthalasushma2801', source='admin', password=<hidden>, mechanismProperties=<hidden>}, streamFactoryFactory=null, commandListeners=[], codecRegistry=ProvidersCodecRegistry{codecProviders=[ValueCodecProvider{}, BsonValueCodecProvider{}, DBRefCodecProvider{}, DBObjectCodecProvider{}, DocumentCodecProvider{}, CollectionCodecProvider{}, IterableCodecProvider{}, MapCodecProvider{}, GeoJsonCodecProvider{}, GridFSFileCodecProvider{}, Jsr310CodecProvider{}, JsonObjectCodecProvider{}, BsonCodecProvider{}, EnumCodecProvider{}, com.mongodb.Jep395RecordCodecProvider@6d300c55]}, clusterSettings={hosts=[127.0.0.1:27017], srvHost=cluster0.2rl58gn.mongodb.net, srvServiceName=mongodb, mode=MULTIPLE, requiredClusterType=REPLICA_SET, requiredReplicaSetName='atlas-d0mgbp-shard-0', serverSelector='null', clusterListeners='[]', serverSelectionTimeout='30000 ms', localThreshold='30000 ms'}, socketSettings=SocketSettings{connectTimeoutMS=10000, readTimeoutMS=0, receiveBufferSize=0, sendBufferSize=0}, heartbeatSocketSettings=SocketSettings{connectTimeoutMS=10000, readTimeoutMS=10000, receiveBufferSize=0, sendBufferSize=0}, connectionPoolSettings=ConnectionPoolSettings{maxSize=100, minSize=0, maxWaitTimeMS=120000, maxConnectionLifeTimeMS=0, maxConnectionIdleTimeMS=0, maintenanceInitialDelayMS=0, maintenanceFrequencyMS=60000, connectionPoolListeners=[], maxConnecting=2}, serverSettings=ServerSettings{heartbeatFrequencyMS=10000, minHeartbeatFrequencyMS=500, serverListeners='[]', serverMonitorListeners='[]'}, sslSettings=SslSettings{enabled=true, invalidHostNameAllowed=false, context=null}, applicationName='null', compressorList=[], uuidRepresentation=JAVA_LEGACY, serverApi=null, autoEncryptionSettings=null, contextProvider=null}
2022-12-03 08:47:27,528 [INFO] org.mongodb.driver.cluster [cluster-ClusterId{value='638abfc74f30b0362d25cdfa', description='null'}-srv-cluster0.2rl58gn.mongodb.net] Adding discovered server ac-xgjsddw-shard-00-00.2rl58gn.mongodb.net:27017 to client view of cluster
2022-12-03 08:47:27,560 [INFO] org.mongodb.driver.cluster [cluster-ClusterId{value='638abfc74f30b0362d25cdfa', description='null'}-srv-cluster0.2rl58gn.mongodb.net] Adding discovered server ac-xgjsddw-shard-00-01.2rl58gn.mongodb.net:27017 to client view of cluster
2022-12-03 08:47:27,562 [INFO] org.mongodb.driver.cluster [cluster-ClusterId{value='638abfc74f30b0362d25cdfa', description='null'}-srv-cluster0.2rl58gn.mongodb.net] Adding discovered server ac-xgjsddw-shard-00-02.2rl58gn.mongodb.net:27017 to client view of cluster
2022-12-03 08:47:27,739 [INFO] org.springframework.boot.devtools.autoconfigure.OptionalLiveReloadServer [restartedMain] LiveReload server is running on port 35729
2022-12-03 08:47:28,118 [INFO] org.mongodb.driver.cluster [cluster-ClusterId{value='638abfc74f30b0362d25cdfa', description='null'}-ac-xgjsddw-shard-00-01.2rl58gn.mongodb.net:27017] Monitor thread successfully connected to server with description ServerDescription{address=ac-xgjsddw-shard-00-01.2rl58gn.mongodb.net:27017, type=REPLICA_SET_SECONDARY, state=CONNECTED, ok=true, minWireVersion=0, maxWireVersion=13, maxDocumentSize=16777216, logicalSessionTimeoutMinutes=30, roundTripTimeNanos=286657600, setName='atlas-d0mgbp-shard-0', canonicalAddress=ac-xgjsddw-shard-00-01.2rl58gn.mongodb.net:27017, hosts=[ac-xgjsddw-shard-00-00.2rl58gn.mongodb.net:27017, ac-xgjsddw-shard-00-01.2rl58gn.mongodb.net:27017, ac-xgjsddw-shard-00-02.2rl58gn.mongodb.net:27017], passives=[], arbiters=[], primary='ac-xgjsddw-shard-00-02.2rl58gn.mongodb.net:27017', tagSet=TagSet{[Tag{name='nodeType', value='ELECTABLE'}, Tag{name='provider', value='AWS'}, Tag{name='region', value='AP_SOUTH_1'}, Tag{name='workloadType', value='OPERATIONAL'}]}, electionId=null, setVersion=4, topologyVersion=TopologyVersion{processId=6387266241c4da109a02474c, counter=3}, lastWriteDate=Sat Dec 03 08:47:27 IST 2022, lastUpdateTimeNanos=765186184921400}
2022-12-03 08:47:28,118 [INFO] org.mongodb.driver.cluster [cluster-ClusterId{value='638abfc74f30b0362d25cdfa', description='null'}-ac-xgjsddw-shard-00-00.2rl58gn.mongodb.net:27017] Monitor thread successfully connected to server with description ServerDescription{address=ac-xgjsddw-shard-00-00.2rl58gn.mongodb.net:27017, type=REPLICA_SET_SECONDARY, state=CONNECTED, ok=true, minWireVersion=0, maxWireVersion=13, maxDocumentSize=16777216, logicalSessionTimeoutMinutes=30, roundTripTimeNanos=286657400, setName='atlas-d0mgbp-shard-0', canonicalAddress=ac-xgjsddw-shard-00-00.2rl58gn.mongodb.net:27017, hosts=[ac-xgjsddw-shard-00-00.2rl58gn.mongodb.net:27017, ac-xgjsddw-shard-00-01.2rl58gn.mongodb.net:27017, ac-xgjsddw-shard-00-02.2rl58gn.mongodb.net:27017], passives=[], arbiters=[], primary='ac-xgjsddw-shard-00-02.2rl58gn.mongodb.net:27017', tagSet=TagSet{[Tag{name='nodeType', value='ELECTABLE'}, Tag{name='provider', value='AWS'}, Tag{name='region', value='AP_SOUTH_1'}, Tag{name='workloadType', value='OPERATIONAL'}]}, electionId=null, setVersion=4, topologyVersion=TopologyVersion{processId=63872447802db73af5cfc62f, counter=4}, lastWriteDate=Sat Dec 03 08:47:27 IST 2022, lastUpdateTimeNanos=765186184921400}
2022-12-03 08:47:28,118 [INFO] org.mongodb.driver.cluster [cluster-ClusterId{value='638abfc74f30b0362d25cdfa', description='null'}-ac-xgjsddw-shard-00-02.2rl58gn.mongodb.net:27017] Monitor thread successfully connected to server with description ServerDescription{address=ac-xgjsddw-shard-00-02.2rl58gn.mongodb.net:27017, type=REPLICA_SET_PRIMARY, state=CONNECTED, ok=true, minWireVersion=0, maxWireVersion=13, maxDocumentSize=16777216, logicalSessionTimeoutMinutes=30, roundTripTimeNanos=286658100, setName='atlas-d0mgbp-shard-0', canonicalAddress=ac-xgjsddw-shard-00-02.2rl58gn.mongodb.net:27017, hosts=[ac-xgjsddw-shard-00-00.2rl58gn.mongodb.net:27017, ac-xgjsddw-shard-00-01.2rl58gn.mongodb.net:27017, ac-xgjsddw-shard-00-02.2rl58gn.mongodb.net:27017], passives=[], arbiters=[], primary='ac-xgjsddw-shard-00-02.2rl58gn.mongodb.net:27017', tagSet=TagSet{[Tag{name='nodeType', value='ELECTABLE'}, Tag{name='provider', value='AWS'}, Tag{name='region', value='AP_SOUTH_1'}, Tag{name='workloadType', value='OPERATIONAL'}]}, electionId=7fffffff0000000000000091, setVersion=4, topologyVersion=TopologyVersion{processId=6387254dc1bd833b64b6cd93, counter=6}, lastWriteDate=Sat Dec 03 08:47:27 IST 2022, lastUpdateTimeNanos=765186184921400}
2022-12-03 08:47:28,125 [INFO] org.mongodb.driver.cluster [cluster-ClusterId{value='638abfc74f30b0362d25cdfa', description='null'}-ac-xgjsddw-shard-00-02.2rl58gn.mongodb.net:27017] Discovered replica set primary ac-xgjsddw-shard-00-02.2rl58gn.mongodb.net:27017 with max election id 7fffffff0000000000000091 and max set version 4
2022-12-03 08:47:29,294 [INFO] org.springframework.cloud.netflix.eureka.config.DiscoveryClientOptionalArgsConfiguration [restartedMain] Eureka HTTP Client uses RestTemplate.
2022-12-03 08:47:29,524 [WARN] org.springframework.cloud.loadbalancer.config.LoadBalancerCacheAutoConfiguration$LoadBalancerCaffeineWarnLogger [restartedMain] Spring Cloud LoadBalancer is currently working with the default cache. While this cache implementation is useful for development and tests, it's recommended to use Caffeine cache in production.You can switch to using Caffeine cache, by adding it and org.springframework.cache.caffeine.CaffeineCacheManager to the classpath.
2022-12-03 08:47:29,551 [INFO] org.springframework.cloud.netflix.eureka.InstanceInfoFactory [restartedMain] Setting initial instance status as: STARTING
2022-12-03 08:47:29,656 [INFO] com.netflix.discovery.DiscoveryClient [restartedMain] Initializing Eureka in region us-east-1
2022-12-03 08:47:29,662 [INFO] com.netflix.discovery.shared.resolver.aws.ConfigClusterResolver [restartedMain] Resolving eureka endpoints via configuration
2022-12-03 08:47:29,690 [INFO] com.netflix.discovery.DiscoveryClient [restartedMain] Disable delta property : false
2022-12-03 08:47:29,691 [INFO] com.netflix.discovery.DiscoveryClient [restartedMain] Single vip registry refresh property : null
2022-12-03 08:47:29,691 [INFO] com.netflix.discovery.DiscoveryClient [restartedMain] Force full registry fetch : false
2022-12-03 08:47:29,691 [INFO] com.netflix.discovery.DiscoveryClient [restartedMain] Application is null : false
2022-12-03 08:47:29,691 [INFO] com.netflix.discovery.DiscoveryClient [restartedMain] Registered Applications size is zero : true
2022-12-03 08:47:29,692 [INFO] com.netflix.discovery.DiscoveryClient [restartedMain] Application version is -1: true
2022-12-03 08:47:29,692 [INFO] com.netflix.discovery.DiscoveryClient [restartedMain] Getting all instance registry info from the eureka server
2022-12-03 08:47:30,219 [INFO] com.netflix.discovery.DiscoveryClient [restartedMain] The response status is 200
2022-12-03 08:47:30,221 [INFO] com.netflix.discovery.DiscoveryClient [restartedMain] Starting heartbeat executor: renew interval is: 30
2022-12-03 08:47:30,226 [INFO] com.netflix.discovery.InstanceInfoReplicator [restartedMain] InstanceInfoReplicator onDemand update allowed rate per min is 4
2022-12-03 08:47:30,238 [INFO] com.netflix.discovery.DiscoveryClient [restartedMain] Discovery Client initialized at timestamp 1670037450237 with initial instances count: 0
2022-12-03 08:47:30,241 [INFO] org.springframework.cloud.netflix.eureka.serviceregistry.EurekaServiceRegistry [restartedMain] Registering application PRODUCT-SERVICE with eureka with status UP
2022-12-03 08:47:30,242 [INFO] com.netflix.discovery.DiscoveryClient [restartedMain] Saw local status change event StatusChangeEvent [timestamp=1670037450242, current=UP, previous=STARTING]
2022-12-03 08:47:30,245 [INFO] com.netflix.discovery.DiscoveryClient [DiscoveryClient-InstanceInfoReplicator-0] DiscoveryClient_PRODUCT-SERVICE/INLEN8520020224.corp.capgemini.com:product-service:2222: registering service...
2022-12-03 08:47:30,289 [INFO] org.springframework.boot.web.embedded.tomcat.TomcatWebServer [restartedMain] Tomcat started on port(s): 2222 (http) with context path ''
2022-12-03 08:47:30,291 [INFO] org.springframework.cloud.netflix.eureka.serviceregistry.EurekaAutoServiceRegistration [restartedMain] Updating port to 2222
2022-12-03 08:47:30,455 [INFO] com.netflix.discovery.DiscoveryClient [DiscoveryClient-InstanceInfoReplicator-0] DiscoveryClient_PRODUCT-SERVICE/INLEN8520020224.corp.capgemini.com:product-service:2222 - registration status: 204
2022-12-03 08:47:30,495 [INFO] com.eshoppingzone.ProductMicroserviceApplication [restartedMain] Started ProductMicroserviceApplication in 6.308 seconds (process running for 7.092)
2022-12-03 08:48:00,231 [INFO] com.netflix.discovery.DiscoveryClient [DiscoveryClient-CacheRefreshExecutor-0] Disable delta property : false
2022-12-03 08:48:00,232 [INFO] com.netflix.discovery.DiscoveryClient [DiscoveryClient-CacheRefreshExecutor-0] Single vip registry refresh property : null
2022-12-03 08:48:00,232 [INFO] com.netflix.discovery.DiscoveryClient [DiscoveryClient-CacheRefreshExecutor-0] Force full registry fetch : false
2022-12-03 08:48:00,233 [INFO] com.netflix.discovery.DiscoveryClient [DiscoveryClient-CacheRefreshExecutor-0] Application is null : false
2022-12-03 08:48:00,233 [INFO] com.netflix.discovery.DiscoveryClient [DiscoveryClient-CacheRefreshExecutor-0] Registered Applications size is zero : true
2022-12-03 08:48:00,233 [INFO] com.netflix.discovery.DiscoveryClient [DiscoveryClient-CacheRefreshExecutor-0] Application version is -1: false
2022-12-03 08:48:00,233 [INFO] com.netflix.discovery.DiscoveryClient [DiscoveryClient-CacheRefreshExecutor-0] Getting all instance registry info from the eureka server
2022-12-03 08:48:00,254 [INFO] com.netflix.discovery.DiscoveryClient [DiscoveryClient-CacheRefreshExecutor-0] The response status is 200
2022-12-03 08:52:29,709 [INFO] com.netflix.discovery.shared.resolver.aws.ConfigClusterResolver [AsyncResolver-bootstrap-executor-0] Resolving eureka endpoints via configuration
2022-12-03 08:57:29,720 [INFO] com.netflix.discovery.shared.resolver.aws.ConfigClusterResolver [AsyncResolver-bootstrap-executor-0] Resolving eureka endpoints via configuration
2022-12-03 09:02:29,728 [INFO] com.netflix.discovery.shared.resolver.aws.ConfigClusterResolver [AsyncResolver-bootstrap-executor-0] Resolving eureka endpoints via configuration
2022-12-03 09:07:29,731 [INFO] com.netflix.discovery.shared.resolver.aws.ConfigClusterResolver [AsyncResolver-bootstrap-executor-0] Resolving eureka endpoints via configuration
2022-12-03 09:12:29,733 [INFO] com.netflix.discovery.shared.resolver.aws.ConfigClusterResolver [AsyncResolver-bootstrap-executor-0] Resolving eureka endpoints via configuration
2022-12-03 09:13:50,698 [INFO] com.eshoppingzone.ProductMicroserviceApplication [restartedMain] Starting ProductMicroserviceApplication using Java 17.0.5 with PID 17196 (C:\Users\suschint\Downloads\Product-Microservice\target\classes started by suschint in C:\Users\suschint\Downloads\Product-Microservice)
2022-12-03 09:13:50,700 [DEBUG] com.eshoppingzone.ProductMicroserviceApplication [restartedMain] Running with Spring Boot v3.0.0, Spring v6.0.2
2022-12-03 09:13:50,701 [INFO] com.eshoppingzone.ProductMicroserviceApplication [restartedMain] No active profile set, falling back to 1 default profile: "default"
2022-12-03 09:13:50,762 [INFO] org.springframework.boot.devtools.env.DevToolsPropertyDefaultsPostProcessor [restartedMain] Devtools property defaults active! Set 'spring.devtools.add-properties' to 'false' to disable
2022-12-03 09:13:50,762 [INFO] org.springframework.boot.devtools.env.DevToolsPropertyDefaultsPostProcessor [restartedMain] For additional web related logging consider setting the 'logging.level.web' property to 'DEBUG'
2022-12-03 09:13:51,370 [INFO] org.springframework.data.repository.config.RepositoryConfigurationDelegate [restartedMain] Bootstrapping Spring Data MongoDB repositories in DEFAULT mode.
2022-12-03 09:13:51,481 [INFO] org.springframework.data.repository.config.RepositoryConfigurationDelegate [restartedMain] Finished Spring Data repository scanning in 106 ms. Found 1 MongoDB repository interfaces.
2022-12-03 09:13:51,690 [INFO] org.springframework.cloud.context.scope.GenericScope [restartedMain] BeanFactory id=083595be-77ec-3308-86ed-fc9cb73559a5
2022-12-03 09:13:52,177 [INFO] org.springframework.boot.web.embedded.tomcat.TomcatWebServer [restartedMain] Tomcat initialized with port(s): 2222 (http)
2022-12-03 09:13:52,189 [INFO] org.apache.catalina.core.StandardService [restartedMain] Starting service [Tomcat]
2022-12-03 09:13:52,189 [INFO] org.apache.catalina.core.StandardEngine [restartedMain] Starting Servlet engine: [Apache Tomcat/10.1.1]
2022-12-03 09:13:52,258 [INFO] org.apache.catalina.core.ContainerBase.[Tomcat].[localhost].[/] [restartedMain] Initializing Spring embedded WebApplicationContext
2022-12-03 09:13:52,258 [INFO] org.springframework.boot.web.servlet.context.ServletWebServerApplicationContext [restartedMain] Root WebApplicationContext: initialization completed in 1495 ms
2022-12-03 09:13:52,519 [INFO] org.mongodb.driver.client [restartedMain] MongoClient with metadata {"driver": {"name": "mongo-java-driver|sync|spring-boot", "version": "4.8.0"}, "os": {"type": "Windows", "name": "Windows 11", "architecture": "amd64", "version": "10.0"}, "platform": "Java/Eclipse Adoptium/17.0.5+8"} created with settings MongoClientSettings{readPreference=primary, writeConcern=WriteConcern{w=majority, wTimeout=null ms, journal=null}, retryWrites=true, retryReads=true, readConcern=ReadConcern{level=null}, credential=MongoCredential{mechanism=null, userName='chinthalasushma2801', source='admin', password=<hidden>, mechanismProperties=<hidden>}, streamFactoryFactory=null, commandListeners=[], codecRegistry=ProvidersCodecRegistry{codecProviders=[ValueCodecProvider{}, BsonValueCodecProvider{}, DBRefCodecProvider{}, DBObjectCodecProvider{}, DocumentCodecProvider{}, CollectionCodecProvider{}, IterableCodecProvider{}, MapCodecProvider{}, GeoJsonCodecProvider{}, GridFSFileCodecProvider{}, Jsr310CodecProvider{}, JsonObjectCodecProvider{}, BsonCodecProvider{}, EnumCodecProvider{}, com.mongodb.Jep395RecordCodecProvider@3b780cf9]}, clusterSettings={hosts=[127.0.0.1:27017], srvHost=cluster0.2rl58gn.mongodb.net, srvServiceName=mongodb, mode=MULTIPLE, requiredClusterType=REPLICA_SET, requiredReplicaSetName='atlas-d0mgbp-shard-0', serverSelector='null', clusterListeners='[]', serverSelectionTimeout='30000 ms', localThreshold='30000 ms'}, socketSettings=SocketSettings{connectTimeoutMS=10000, readTimeoutMS=0, receiveBufferSize=0, sendBufferSize=0}, heartbeatSocketSettings=SocketSettings{connectTimeoutMS=10000, readTimeoutMS=10000, receiveBufferSize=0, sendBufferSize=0}, connectionPoolSettings=ConnectionPoolSettings{maxSize=100, minSize=0, maxWaitTimeMS=120000, maxConnectionLifeTimeMS=0, maxConnectionIdleTimeMS=0, maintenanceInitialDelayMS=0, maintenanceFrequencyMS=60000, connectionPoolListeners=[], maxConnecting=2}, serverSettings=ServerSettings{heartbeatFrequencyMS=10000, minHeartbeatFrequencyMS=500, serverListeners='[]', serverMonitorListeners='[]'}, sslSettings=SslSettings{enabled=true, invalidHostNameAllowed=false, context=null}, applicationName='null', compressorList=[], uuidRepresentation=JAVA_LEGACY, serverApi=null, autoEncryptionSettings=null, contextProvider=null}
2022-12-03 09:13:52,525 [INFO] org.mongodb.driver.cluster [cluster-ClusterId{value='638ac5f8177aeb68f8534243', description='null'}-srv-cluster0.2rl58gn.mongodb.net] Adding discovered server ac-xgjsddw-shard-00-00.2rl58gn.mongodb.net:27017 to client view of cluster
2022-12-03 09:13:52,544 [INFO] org.mongodb.driver.cluster [cluster-ClusterId{value='638ac5f8177aeb68f8534243', description='null'}-srv-cluster0.2rl58gn.mongodb.net] Adding discovered server ac-xgjsddw-shard-00-01.2rl58gn.mongodb.net:27017 to client view of cluster
2022-12-03 09:13:52,545 [INFO] org.mongodb.driver.cluster [cluster-ClusterId{value='638ac5f8177aeb68f8534243', description='null'}-srv-cluster0.2rl58gn.mongodb.net] Adding discovered server ac-xgjsddw-shard-00-02.2rl58gn.mongodb.net:27017 to client view of cluster
2022-12-03 09:13:52,674 [WARN] org.springframework.boot.devtools.autoconfigure.OptionalLiveReloadServer [restartedMain] Unable to start LiveReload server
2022-12-03 09:13:52,948 [INFO] org.mongodb.driver.cluster [cluster-ClusterId{value='638ac5f8177aeb68f8534243', description='null'}-ac-xgjsddw-shard-00-01.2rl58gn.mongodb.net:27017] Monitor thread successfully connected to server with description ServerDescription{address=ac-xgjsddw-shard-00-01.2rl58gn.mongodb.net:27017, type=REPLICA_SET_SECONDARY, state=CONNECTED, ok=true, minWireVersion=0, maxWireVersion=13, maxDocumentSize=16777216, logicalSessionTimeoutMinutes=30, roundTripTimeNanos=209590300, setName='atlas-d0mgbp-shard-0', canonicalAddress=ac-xgjsddw-shard-00-01.2rl58gn.mongodb.net:27017, hosts=[ac-xgjsddw-shard-00-00.2rl58gn.mongodb.net:27017, ac-xgjsddw-shard-00-01.2rl58gn.mongodb.net:27017, ac-xgjsddw-shard-00-02.2rl58gn.mongodb.net:27017], passives=[], arbiters=[], primary='ac-xgjsddw-shard-00-02.2rl58gn.mongodb.net:27017', tagSet=TagSet{[Tag{name='nodeType', value='ELECTABLE'}, Tag{name='provider', value='AWS'}, Tag{name='region', value='AP_SOUTH_1'}, Tag{name='workloadType', value='OPERATIONAL'}]}, electionId=null, setVersion=4, topologyVersion=TopologyVersion{processId=6387266241c4da109a02474c, counter=3}, lastWriteDate=Sat Dec 03 09:13:52 IST 2022, lastUpdateTimeNanos=766771017438900}
2022-12-03 09:13:52,948 [INFO] org.mongodb.driver.cluster [cluster-ClusterId{value='638ac5f8177aeb68f8534243', description='null'}-ac-xgjsddw-shard-00-00.2rl58gn.mongodb.net:27017] Monitor thread successfully connected to server with description ServerDescription{address=ac-xgjsddw-shard-00-00.2rl58gn.mongodb.net:27017, type=REPLICA_SET_SECONDARY, state=CONNECTED, ok=true, minWireVersion=0, maxWireVersion=13, maxDocumentSize=16777216, logicalSessionTimeoutMinutes=30, roundTripTimeNanos=207466600, setName='atlas-d0mgbp-shard-0', canonicalAddress=ac-xgjsddw-shard-00-00.2rl58gn.mongodb.net:27017, hosts=[ac-xgjsddw-shard-00-00.2rl58gn.mongodb.net:27017, ac-xgjsddw-shard-00-01.2rl58gn.mongodb.net:27017, ac-xgjsddw-shard-00-02.2rl58gn.mongodb.net:27017], passives=[], arbiters=[], primary='ac-xgjsddw-shard-00-02.2rl58gn.mongodb.net:27017', tagSet=TagSet{[Tag{name='nodeType', value='ELECTABLE'}, Tag{name='provider', value='AWS'}, Tag{name='region', value='AP_SOUTH_1'}, Tag{name='workloadType', value='OPERATIONAL'}]}, electionId=null, setVersion=4, topologyVersion=TopologyVersion{processId=63872447802db73af5cfc62f, counter=4}, lastWriteDate=Sat Dec 03 09:13:52 IST 2022, lastUpdateTimeNanos=766771017431800}
2022-12-03 09:13:52,948 [INFO] org.mongodb.driver.cluster [cluster-ClusterId{value='638ac5f8177aeb68f8534243', description='null'}-ac-xgjsddw-shard-00-02.2rl58gn.mongodb.net:27017] Monitor thread successfully connected to server with description ServerDescription{address=ac-xgjsddw-shard-00-02.2rl58gn.mongodb.net:27017, type=REPLICA_SET_PRIMARY, state=CONNECTED, ok=true, minWireVersion=0, maxWireVersion=13, maxDocumentSize=16777216, logicalSessionTimeoutMinutes=30, roundTripTimeNanos=209570100, setName='atlas-d0mgbp-shard-0', canonicalAddress=ac-xgjsddw-shard-00-02.2rl58gn.mongodb.net:27017, hosts=[ac-xgjsddw-shard-00-00.2rl58gn.mongodb.net:27017, ac-xgjsddw-shard-00-01.2rl58gn.mongodb.net:27017, ac-xgjsddw-shard-00-02.2rl58gn.mongodb.net:27017], passives=[], arbiters=[], primary='ac-xgjsddw-shard-00-02.2rl58gn.mongodb.net:27017', tagSet=TagSet{[Tag{name='nodeType', value='ELECTABLE'}, Tag{name='provider', value='AWS'}, Tag{name='region', value='AP_SOUTH_1'}, Tag{name='workloadType', value='OPERATIONAL'}]}, electionId=7fffffff0000000000000091, setVersion=4, topologyVersion=TopologyVersion{processId=6387254dc1bd833b64b6cd93, counter=6}, lastWriteDate=Sat Dec 03 09:13:52 IST 2022, lastUpdateTimeNanos=766771017431700}
2022-12-03 09:13:52,957 [INFO] org.mongodb.driver.cluster [cluster-ClusterId{value='638ac5f8177aeb68f8534243', description='null'}-ac-xgjsddw-shard-00-02.2rl58gn.mongodb.net:27017] Discovered replica set primary ac-xgjsddw-shard-00-02.2rl58gn.mongodb.net:27017 with max election id 7fffffff0000000000000091 and max set version 4
2022-12-03 09:13:53,778 [INFO] org.springframework.cloud.netflix.eureka.config.DiscoveryClientOptionalArgsConfiguration [restartedMain] Eureka HTTP Client uses RestTemplate.
2022-12-03 09:13:53,924 [WARN] org.springframework.cloud.loadbalancer.config.LoadBalancerCacheAutoConfiguration$LoadBalancerCaffeineWarnLogger [restartedMain] Spring Cloud LoadBalancer is currently working with the default cache. While this cache implementation is useful for development and tests, it's recommended to use Caffeine cache in production.You can switch to using Caffeine cache, by adding it and org.springframework.cache.caffeine.CaffeineCacheManager to the classpath.
2022-12-03 09:13:53,946 [INFO] org.springframework.cloud.netflix.eureka.InstanceInfoFactory [restartedMain] Setting initial instance status as: STARTING
2022-12-03 09:13:54,019 [INFO] com.netflix.discovery.DiscoveryClient [restartedMain] Initializing Eureka in region us-east-1
2022-12-03 09:13:54,029 [INFO] com.netflix.discovery.shared.resolver.aws.ConfigClusterResolver [restartedMain] Resolving eureka endpoints via configuration
2022-12-03 09:13:54,053 [INFO] com.netflix.discovery.DiscoveryClient [restartedMain] Disable delta property : false
2022-12-03 09:13:54,054 [INFO] com.netflix.discovery.DiscoveryClient [restartedMain] Single vip registry refresh property : null
2022-12-03 09:13:54,055 [INFO] com.netflix.discovery.DiscoveryClient [restartedMain] Force full registry fetch : false
2022-12-03 09:13:54,055 [INFO] com.netflix.discovery.DiscoveryClient [restartedMain] Application is null : false
2022-12-03 09:13:54,055 [INFO] com.netflix.discovery.DiscoveryClient [restartedMain] Registered Applications size is zero : true
2022-12-03 09:13:54,055 [INFO] com.netflix.discovery.DiscoveryClient [restartedMain] Application version is -1: true
2022-12-03 09:13:54,055 [INFO] com.netflix.discovery.DiscoveryClient [restartedMain] Getting all instance registry info from the eureka server
2022-12-03 09:13:54,311 [INFO] com.netflix.discovery.DiscoveryClient [restartedMain] The response status is 200
2022-12-03 09:13:54,314 [INFO] com.netflix.discovery.DiscoveryClient [restartedMain] Starting heartbeat executor: renew interval is: 30
2022-12-03 09:13:54,318 [INFO] com.netflix.discovery.InstanceInfoReplicator [restartedMain] InstanceInfoReplicator onDemand update allowed rate per min is 4
2022-12-03 09:13:54,325 [INFO] com.netflix.discovery.DiscoveryClient [restartedMain] Discovery Client initialized at timestamp 1670039034324 with initial instances count: 1
2022-12-03 09:13:54,328 [INFO] org.springframework.cloud.netflix.eureka.serviceregistry.EurekaServiceRegistry [restartedMain] Registering application PRODUCT-SERVICE with eureka with status UP
2022-12-03 09:13:54,329 [INFO] com.netflix.discovery.DiscoveryClient [restartedMain] Saw local status change event StatusChangeEvent [timestamp=1670039034328, current=UP, previous=STARTING]
2022-12-03 09:13:54,332 [INFO] com.netflix.discovery.DiscoveryClient [DiscoveryClient-InstanceInfoReplicator-0] DiscoveryClient_PRODUCT-SERVICE/INLEN8520020224.corp.capgemini.com:product-service:2222: registering service...
2022-12-03 09:13:54,337 [WARN] org.springframework.boot.web.servlet.context.AnnotationConfigServletWebServerApplicationContext [restartedMain] Exception encountered during context initialization - cancelling refresh attempt: org.springframework.context.ApplicationContextException: Failed to start bean 'webServerStartStop'
2022-12-03 09:13:54,375 [INFO] com.netflix.discovery.DiscoveryClient [DiscoveryClient-InstanceInfoReplicator-0] DiscoveryClient_PRODUCT-SERVICE/INLEN8520020224.corp.capgemini.com:product-service:2222 - registration status: 204
2022-12-03 09:13:54,428 [INFO] com.netflix.discovery.DiscoveryClient [restartedMain] Shutting down DiscoveryClient ...
2022-12-03 09:13:57,435 [INFO] com.netflix.discovery.DiscoveryClient [restartedMain] Unregistering ...
2022-12-03 09:13:57,444 [INFO] com.netflix.discovery.DiscoveryClient [restartedMain] DiscoveryClient_PRODUCT-SERVICE/INLEN8520020224.corp.capgemini.com:product-service:2222 - deregister  status: 200
2022-12-03 09:13:57,447 [INFO] com.netflix.discovery.DiscoveryClient [restartedMain] Completed shut down of DiscoveryClient
2022-12-03 09:13:57,450 [INFO] org.apache.catalina.core.StandardService [restartedMain] Stopping service [Tomcat]
2022-12-03 09:13:57,465 [INFO] org.springframework.boot.autoconfigure.logging.ConditionEvaluationReportLogger [restartedMain] 

Error starting ApplicationContext. To display the condition evaluation report re-run your application with 'debug' enabled.
2022-12-03 09:13:57,482 [ERROR] org.springframework.boot.diagnostics.LoggingFailureAnalysisReporter [restartedMain] 

***************************
APPLICATION FAILED TO START
***************************

Description:

Web server failed to start. Port 2222 was already in use.

Action:

Identify and stop the process that's listening on port 2222 or configure this application to listen on another port.

2022-12-03 09:14:01,134 [INFO] com.netflix.discovery.shared.transport.decorator.RedirectingEurekaHttpClient [DiscoveryClient-HeartbeatExecutor-0] Request execution error. endpoint=DefaultEndpoint{ serviceUrl='http://localhost:8761/eureka/} exception=Error while extracting response for type [class com.netflix.appinfo.InstanceInfo] and content type [application/json] stacktrace=org.springframework.web.client.RestClientException: Error while extracting response for type [class com.netflix.appinfo.InstanceInfo] and content type [application/json]
	at org.springframework.web.client.HttpMessageConverterExtractor.extractData(HttpMessageConverterExtractor.java:118)
	at org.springframework.web.client.RestTemplate$ResponseEntityResponseExtractor.extractData(RestTemplate.java:1132)
	at org.springframework.web.client.RestTemplate$ResponseEntityResponseExtractor.extractData(RestTemplate.java:1115)
	at org.springframework.web.client.RestTemplate.doExecute(RestTemplate.java:865)
	at org.springframework.web.client.RestTemplate.execute(RestTemplate.java:764)
	at org.springframework.web.client.RestTemplate.exchange(RestTemplate.java:646)
	at org.springframework.cloud.netflix.eureka.http.RestTemplateEurekaHttpClient.sendHeartBeat(RestTemplateEurekaHttpClient.java:99)
	at com.netflix.discovery.shared.transport.decorator.EurekaHttpClientDecorator$3.execute(EurekaHttpClientDecorator.java:92)
	at com.netflix.discovery.shared.transport.decorator.RedirectingEurekaHttpClient.execute(RedirectingEurekaHttpClient.java:91)
	at com.netflix.discovery.shared.transport.decorator.EurekaHttpClientDecorator.sendHeartBeat(EurekaHttpClientDecorator.java:89)
	at com.netflix.discovery.shared.transport.decorator.EurekaHttpClientDecorator$3.execute(EurekaHttpClientDecorator.java:92)
	at com.netflix.discovery.shared.transport.decorator.RetryableEurekaHttpClient.execute(RetryableEurekaHttpClient.java:120)
	at com.netflix.discovery.shared.transport.decorator.EurekaHttpClientDecorator.sendHeartBeat(EurekaHttpClientDecorator.java:89)
	at com.netflix.discovery.shared.transport.decorator.EurekaHttpClientDecorator$3.execute(EurekaHttpClientDecorator.java:92)
	at com.netflix.discovery.shared.transport.decorator.SessionedEurekaHttpClient.execute(SessionedEurekaHttpClient.java:77)
	at com.netflix.discovery.shared.transport.decorator.EurekaHttpClientDecorator.sendHeartBeat(EurekaHttpClientDecorator.java:89)
	at com.netflix.discovery.DiscoveryClient.renew(DiscoveryClient.java:837)
	at com.netflix.discovery.DiscoveryClient$HeartbeatThread.run(DiscoveryClient.java:1401)
	at java.base/java.util.concurrent.Executors$RunnableAdapter.call(Executors.java:539)
	at java.base/java.util.concurrent.FutureTask.run(FutureTask.java:264)
	at java.base/java.util.concurrent.ThreadPoolExecutor.runWorker(ThreadPoolExecutor.java:1136)
	at java.base/java.util.concurrent.ThreadPoolExecutor$Worker.run(ThreadPoolExecutor.java:635)
	at java.base/java.lang.Thread.run(Thread.java:833)
Caused by: org.springframework.http.converter.HttpMessageNotReadableException: JSON parse error: Root name ('timestamp') does not match expected ('instance') for type `com.netflix.appinfo.InstanceInfo`
	at org.springframework.http.converter.json.AbstractJackson2HttpMessageConverter.readJavaType(AbstractJackson2HttpMessageConverter.java:406)
	at org.springframework.http.converter.json.AbstractJackson2HttpMessageConverter.read(AbstractJackson2HttpMessageConverter.java:354)
	at org.springframework.web.client.HttpMessageConverterExtractor.extractData(HttpMessageConverterExtractor.java:103)
	... 22 more
Caused by: com.fasterxml.jackson.databind.exc.MismatchedInputException: Root name ('timestamp') does not match expected ('instance') for type `com.netflix.appinfo.InstanceInfo`
 at [Source: (org.springframework.util.StreamUtils$NonClosingInputStream); line: 1, column: 2] (through reference chain: com.netflix.appinfo.InstanceInfo["timestamp"])
	at com.fasterxml.jackson.databind.exc.MismatchedInputException.from(MismatchedInputException.java:63)
	at com.fasterxml.jackson.databind.DeserializationContext.reportPropertyInputMismatch(DeserializationContext.java:1781)
	at com.fasterxml.jackson.databind.DeserializationContext.reportPropertyInputMismatch(DeserializationContext.java:1797)
	at com.fasterxml.jackson.databind.deser.DefaultDeserializationContext._unwrapAndDeserialize(DefaultDeserializationContext.java:348)
	at com.fasterxml.jackson.databind.deser.DefaultDeserializationContext.readRootValue(DefaultDeserializationContext.java:320)
	at com.fasterxml.jackson.databind.ObjectReader._bindAndClose(ObjectReader.java:2105)
	at com.fasterxml.jackson.databind.ObjectReader.readValue(ObjectReader.java:1481)
	at org.springframework.http.converter.json.AbstractJackson2HttpMessageConverter.readJavaType(AbstractJackson2HttpMessageConverter.java:395)
	... 24 more

2022-12-03 09:14:01,135 [WARN] com.netflix.discovery.shared.transport.decorator.RetryableEurekaHttpClient [DiscoveryClient-HeartbeatExecutor-0] Request execution failed with message: Error while extracting response for type [class com.netflix.appinfo.InstanceInfo] and content type [application/json]
2022-12-03 09:14:01,157 [INFO] com.netflix.discovery.shared.transport.decorator.RedirectingEurekaHttpClient [DiscoveryClient-HeartbeatExecutor-0] Request execution error. endpoint=DefaultEndpoint{ serviceUrl='http://localhost:8761/eureka/}, exception=Error while extracting response for type [class com.netflix.appinfo.InstanceInfo] and content type [application/json] stacktrace=org.springframework.web.client.RestClientException: Error while extracting response for type [class com.netflix.appinfo.InstanceInfo] and content type [application/json]
	at org.springframework.web.client.HttpMessageConverterExtractor.extractData(HttpMessageConverterExtractor.java:118)
	at org.springframework.web.client.RestTemplate$ResponseEntityResponseExtractor.extractData(RestTemplate.java:1132)
	at org.springframework.web.client.RestTemplate$ResponseEntityResponseExtractor.extractData(RestTemplate.java:1115)
	at org.springframework.web.client.RestTemplate.doExecute(RestTemplate.java:865)
	at org.springframework.web.client.RestTemplate.execute(RestTemplate.java:764)
	at org.springframework.web.client.RestTemplate.exchange(RestTemplate.java:646)
	at org.springframework.cloud.netflix.eureka.http.RestTemplateEurekaHttpClient.sendHeartBeat(RestTemplateEurekaHttpClient.java:99)
	at com.netflix.discovery.shared.transport.decorator.EurekaHttpClientDecorator$3.execute(EurekaHttpClientDecorator.java:92)
	at com.netflix.discovery.shared.transport.decorator.RedirectingEurekaHttpClient.executeOnNewServer(RedirectingEurekaHttpClient.java:121)
	at com.netflix.discovery.shared.transport.decorator.RedirectingEurekaHttpClient.execute(RedirectingEurekaHttpClient.java:80)
	at com.netflix.discovery.shared.transport.decorator.EurekaHttpClientDecorator.sendHeartBeat(EurekaHttpClientDecorator.java:89)
	at com.netflix.discovery.shared.transport.decorator.EurekaHttpClientDecorator$3.execute(EurekaHttpClientDecorator.java:92)
	at com.netflix.discovery.shared.transport.decorator.RetryableEurekaHttpClient.execute(RetryableEurekaHttpClient.java:120)
	at com.netflix.discovery.shared.transport.decorator.EurekaHttpClientDecorator.sendHeartBeat(EurekaHttpClientDecorator.java:89)
	at com.netflix.discovery.shared.transport.decorator.EurekaHttpClientDecorator$3.execute(EurekaHttpClientDecorator.java:92)
	at com.netflix.discovery.shared.transport.decorator.SessionedEurekaHttpClient.execute(SessionedEurekaHttpClient.java:77)
	at com.netflix.discovery.shared.transport.decorator.EurekaHttpClientDecorator.sendHeartBeat(EurekaHttpClientDecorator.java:89)
	at com.netflix.discovery.DiscoveryClient.renew(DiscoveryClient.java:837)
	at com.netflix.discovery.DiscoveryClient$HeartbeatThread.run(DiscoveryClient.java:1401)
	at java.base/java.util.concurrent.Executors$RunnableAdapter.call(Executors.java:539)
	at java.base/java.util.concurrent.FutureTask.run(FutureTask.java:264)
	at java.base/java.util.concurrent.ThreadPoolExecutor.runWorker(ThreadPoolExecutor.java:1136)
	at java.base/java.util.concurrent.ThreadPoolExecutor$Worker.run(ThreadPoolExecutor.java:635)
	at java.base/java.lang.Thread.run(Thread.java:833)
Caused by: org.springframework.http.converter.HttpMessageNotReadableException: JSON parse error: Root name ('timestamp') does not match expected ('instance') for type `com.netflix.appinfo.InstanceInfo`
	at org.springframework.http.converter.json.AbstractJackson2HttpMessageConverter.readJavaType(AbstractJackson2HttpMessageConverter.java:406)
	at org.springframework.http.converter.json.AbstractJackson2HttpMessageConverter.read(AbstractJackson2HttpMessageConverter.java:354)
	at org.springframework.web.client.HttpMessageConverterExtractor.extractData(HttpMessageConverterExtractor.java:103)
	... 23 more
Caused by: com.fasterxml.jackson.databind.exc.MismatchedInputException: Root name ('timestamp') does not match expected ('instance') for type `com.netflix.appinfo.InstanceInfo`
 at [Source: (org.springframework.util.StreamUtils$NonClosingInputStream); line: 1, column: 2] (through reference chain: com.netflix.appinfo.InstanceInfo["timestamp"])
	at com.fasterxml.jackson.databind.exc.MismatchedInputException.from(MismatchedInputException.java:63)
	at com.fasterxml.jackson.databind.DeserializationContext.reportPropertyInputMismatch(DeserializationContext.java:1781)
	at com.fasterxml.jackson.databind.DeserializationContext.reportPropertyInputMismatch(DeserializationContext.java:1797)
	at com.fasterxml.jackson.databind.deser.DefaultDeserializationContext._unwrapAndDeserialize(DefaultDeserializationContext.java:348)
	at com.fasterxml.jackson.databind.deser.DefaultDeserializationContext.readRootValue(DefaultDeserializationContext.java:320)
	at com.fasterxml.jackson.databind.ObjectReader._bindAndClose(ObjectReader.java:2105)
	at com.fasterxml.jackson.databind.ObjectReader.readValue(ObjectReader.java:1481)
	at org.springframework.http.converter.json.AbstractJackson2HttpMessageConverter.readJavaType(AbstractJackson2HttpMessageConverter.java:395)
	... 25 more

2022-12-03 09:14:01,158 [WARN] com.netflix.discovery.shared.transport.decorator.RetryableEurekaHttpClient [DiscoveryClient-HeartbeatExecutor-0] Request execution failed with message: Error while extracting response for type [class com.netflix.appinfo.InstanceInfo] and content type [application/json]
2022-12-03 09:14:01,158 [ERROR] com.netflix.discovery.DiscoveryClient [DiscoveryClient-HeartbeatExecutor-0] DiscoveryClient_PRODUCT-SERVICE/INLEN8520020224.corp.capgemini.com:product-service:2222 - was unable to send heartbeat!
com.netflix.discovery.shared.transport.TransportException: Cannot execute request on any known server
	at com.netflix.discovery.shared.transport.decorator.RetryableEurekaHttpClient.execute(RetryableEurekaHttpClient.java:112)
	at com.netflix.discovery.shared.transport.decorator.EurekaHttpClientDecorator.sendHeartBeat(EurekaHttpClientDecorator.java:89)
	at com.netflix.discovery.shared.transport.decorator.EurekaHttpClientDecorator$3.execute(EurekaHttpClientDecorator.java:92)
	at com.netflix.discovery.shared.transport.decorator.SessionedEurekaHttpClient.execute(SessionedEurekaHttpClient.java:77)
	at com.netflix.discovery.shared.transport.decorator.EurekaHttpClientDecorator.sendHeartBeat(EurekaHttpClientDecorator.java:89)
	at com.netflix.discovery.DiscoveryClient.renew(DiscoveryClient.java:837)
	at com.netflix.discovery.DiscoveryClient$HeartbeatThread.run(DiscoveryClient.java:1401)
	at java.base/java.util.concurrent.Executors$RunnableAdapter.call(Executors.java:539)
	at java.base/java.util.concurrent.FutureTask.run(FutureTask.java:264)
	at java.base/java.util.concurrent.ThreadPoolExecutor.runWorker(ThreadPoolExecutor.java:1136)
	at java.base/java.util.concurrent.ThreadPoolExecutor$Worker.run(ThreadPoolExecutor.java:635)
	at java.base/java.lang.Thread.run(Thread.java:833)
2022-12-03 09:16:30,082 [INFO] com.eshoppingzone.ProductMicroserviceApplication [restartedMain] Starting ProductMicroserviceApplication using Java 17.0.5 with PID 15324 (C:\Users\suschint\Downloads\Product-Microservice\target\classes started by suschint in C:\Users\suschint\Downloads\Product-Microservice)
2022-12-03 09:16:30,084 [DEBUG] com.eshoppingzone.ProductMicroserviceApplication [restartedMain] Running with Spring Boot v3.0.0, Spring v6.0.2
2022-12-03 09:16:30,085 [INFO] com.eshoppingzone.ProductMicroserviceApplication [restartedMain] No active profile set, falling back to 1 default profile: "default"
2022-12-03 09:16:30,152 [INFO] org.springframework.boot.devtools.env.DevToolsPropertyDefaultsPostProcessor [restartedMain] Devtools property defaults active! Set 'spring.devtools.add-properties' to 'false' to disable
2022-12-03 09:16:30,152 [INFO] org.springframework.boot.devtools.env.DevToolsPropertyDefaultsPostProcessor [restartedMain] For additional web related logging consider setting the 'logging.level.web' property to 'DEBUG'
2022-12-03 09:16:30,760 [INFO] org.springframework.data.repository.config.RepositoryConfigurationDelegate [restartedMain] Bootstrapping Spring Data MongoDB repositories in DEFAULT mode.
2022-12-03 09:16:30,872 [INFO] org.springframework.data.repository.config.RepositoryConfigurationDelegate [restartedMain] Finished Spring Data repository scanning in 107 ms. Found 1 MongoDB repository interfaces.
2022-12-03 09:16:31,086 [INFO] org.springframework.cloud.context.scope.GenericScope [restartedMain] BeanFactory id=083595be-77ec-3308-86ed-fc9cb73559a5
2022-12-03 09:16:31,560 [INFO] org.springframework.boot.web.embedded.tomcat.TomcatWebServer [restartedMain] Tomcat initialized with port(s): 2222 (http)
2022-12-03 09:16:31,572 [INFO] org.apache.catalina.core.StandardService [restartedMain] Starting service [Tomcat]
2022-12-03 09:16:31,572 [INFO] org.apache.catalina.core.StandardEngine [restartedMain] Starting Servlet engine: [Apache Tomcat/10.1.1]
2022-12-03 09:16:31,636 [INFO] org.apache.catalina.core.ContainerBase.[Tomcat].[localhost].[/] [restartedMain] Initializing Spring embedded WebApplicationContext
2022-12-03 09:16:31,636 [INFO] org.springframework.boot.web.servlet.context.ServletWebServerApplicationContext [restartedMain] Root WebApplicationContext: initialization completed in 1483 ms
2022-12-03 09:16:31,846 [INFO] org.mongodb.driver.client [restartedMain] MongoClient with metadata {"driver": {"name": "mongo-java-driver|sync|spring-boot", "version": "4.8.0"}, "os": {"type": "Windows", "name": "Windows 11", "architecture": "amd64", "version": "10.0"}, "platform": "Java/Eclipse Adoptium/17.0.5+8"} created with settings MongoClientSettings{readPreference=primary, writeConcern=WriteConcern{w=majority, wTimeout=null ms, journal=null}, retryWrites=true, retryReads=true, readConcern=ReadConcern{level=null}, credential=MongoCredential{mechanism=null, userName='chinthalasushma2801', source='admin', password=<hidden>, mechanismProperties=<hidden>}, streamFactoryFactory=null, commandListeners=[], codecRegistry=ProvidersCodecRegistry{codecProviders=[ValueCodecProvider{}, BsonValueCodecProvider{}, DBRefCodecProvider{}, DBObjectCodecProvider{}, DocumentCodecProvider{}, CollectionCodecProvider{}, IterableCodecProvider{}, MapCodecProvider{}, GeoJsonCodecProvider{}, GridFSFileCodecProvider{}, Jsr310CodecProvider{}, JsonObjectCodecProvider{}, BsonCodecProvider{}, EnumCodecProvider{}, com.mongodb.Jep395RecordCodecProvider@32c05389]}, clusterSettings={hosts=[127.0.0.1:27017], srvHost=cluster0.2rl58gn.mongodb.net, srvServiceName=mongodb, mode=MULTIPLE, requiredClusterType=REPLICA_SET, requiredReplicaSetName='atlas-d0mgbp-shard-0', serverSelector='null', clusterListeners='[]', serverSelectionTimeout='30000 ms', localThreshold='30000 ms'}, socketSettings=SocketSettings{connectTimeoutMS=10000, readTimeoutMS=0, receiveBufferSize=0, sendBufferSize=0}, heartbeatSocketSettings=SocketSettings{connectTimeoutMS=10000, readTimeoutMS=10000, receiveBufferSize=0, sendBufferSize=0}, connectionPoolSettings=ConnectionPoolSettings{maxSize=100, minSize=0, maxWaitTimeMS=120000, maxConnectionLifeTimeMS=0, maxConnectionIdleTimeMS=0, maintenanceInitialDelayMS=0, maintenanceFrequencyMS=60000, connectionPoolListeners=[], maxConnecting=2}, serverSettings=ServerSettings{heartbeatFrequencyMS=10000, minHeartbeatFrequencyMS=500, serverListeners='[]', serverMonitorListeners='[]'}, sslSettings=SslSettings{enabled=true, invalidHostNameAllowed=false, context=null}, applicationName='null', compressorList=[], uuidRepresentation=JAVA_LEGACY, serverApi=null, autoEncryptionSettings=null, contextProvider=null}
2022-12-03 09:16:31,853 [INFO] org.mongodb.driver.cluster [cluster-ClusterId{value='638ac6974e1ead68731d6b4f', description='null'}-srv-cluster0.2rl58gn.mongodb.net] Adding discovered server ac-xgjsddw-shard-00-00.2rl58gn.mongodb.net:27017 to client view of cluster
2022-12-03 09:16:31,870 [INFO] org.mongodb.driver.cluster [cluster-ClusterId{value='638ac6974e1ead68731d6b4f', description='null'}-srv-cluster0.2rl58gn.mongodb.net] Adding discovered server ac-xgjsddw-shard-00-01.2rl58gn.mongodb.net:27017 to client view of cluster
2022-12-03 09:16:31,871 [INFO] org.mongodb.driver.cluster [cluster-ClusterId{value='638ac6974e1ead68731d6b4f', description='null'}-srv-cluster0.2rl58gn.mongodb.net] Adding discovered server ac-xgjsddw-shard-00-02.2rl58gn.mongodb.net:27017 to client view of cluster
2022-12-03 09:16:32,019 [INFO] org.springframework.boot.devtools.autoconfigure.OptionalLiveReloadServer [restartedMain] LiveReload server is running on port 35729
2022-12-03 09:16:32,273 [INFO] org.mongodb.driver.cluster [cluster-ClusterId{value='638ac6974e1ead68731d6b4f', description='null'}-ac-xgjsddw-shard-00-02.2rl58gn.mongodb.net:27017] Monitor thread successfully connected to server with description ServerDescription{address=ac-xgjsddw-shard-00-02.2rl58gn.mongodb.net:27017, type=REPLICA_SET_PRIMARY, state=CONNECTED, ok=true, minWireVersion=0, maxWireVersion=13, maxDocumentSize=16777216, logicalSessionTimeoutMinutes=30, roundTripTimeNanos=226390000, setName='atlas-d0mgbp-shard-0', canonicalAddress=ac-xgjsddw-shard-00-02.2rl58gn.mongodb.net:27017, hosts=[ac-xgjsddw-shard-00-00.2rl58gn.mongodb.net:27017, ac-xgjsddw-shard-00-01.2rl58gn.mongodb.net:27017, ac-xgjsddw-shard-00-02.2rl58gn.mongodb.net:27017], passives=[], arbiters=[], primary='ac-xgjsddw-shard-00-02.2rl58gn.mongodb.net:27017', tagSet=TagSet{[Tag{name='nodeType', value='ELECTABLE'}, Tag{name='provider', value='AWS'}, Tag{name='region', value='AP_SOUTH_1'}, Tag{name='workloadType', value='OPERATIONAL'}]}, electionId=7fffffff0000000000000091, setVersion=4, topologyVersion=TopologyVersion{processId=6387254dc1bd833b64b6cd93, counter=6}, lastWriteDate=Sat Dec 03 09:16:31 IST 2022, lastUpdateTimeNanos=766930341777200}
2022-12-03 09:16:32,273 [INFO] org.mongodb.driver.cluster [cluster-ClusterId{value='638ac6974e1ead68731d6b4f', description='null'}-ac-xgjsddw-shard-00-01.2rl58gn.mongodb.net:27017] Monitor thread successfully connected to server with description ServerDescription{address=ac-xgjsddw-shard-00-01.2rl58gn.mongodb.net:27017, type=REPLICA_SET_SECONDARY, state=CONNECTED, ok=true, minWireVersion=0, maxWireVersion=13, maxDocumentSize=16777216, logicalSessionTimeoutMinutes=30, roundTripTimeNanos=226723700, setName='atlas-d0mgbp-shard-0', canonicalAddress=ac-xgjsddw-shard-00-01.2rl58gn.mongodb.net:27017, hosts=[ac-xgjsddw-shard-00-00.2rl58gn.mongodb.net:27017, ac-xgjsddw-shard-00-01.2rl58gn.mongodb.net:27017, ac-xgjsddw-shard-00-02.2rl58gn.mongodb.net:27017], passives=[], arbiters=[], primary='ac-xgjsddw-shard-00-02.2rl58gn.mongodb.net:27017', tagSet=TagSet{[Tag{name='nodeType', value='ELECTABLE'}, Tag{name='provider', value='AWS'}, Tag{name='region', value='AP_SOUTH_1'}, Tag{name='workloadType', value='OPERATIONAL'}]}, electionId=null, setVersion=4, topologyVersion=TopologyVersion{processId=6387266241c4da109a02474c, counter=3}, lastWriteDate=Sat Dec 03 09:16:31 IST 2022, lastUpdateTimeNanos=766930341777300}
2022-12-03 09:16:32,273 [INFO] org.mongodb.driver.cluster [cluster-ClusterId{value='638ac6974e1ead68731d6b4f', description='null'}-ac-xgjsddw-shard-00-00.2rl58gn.mongodb.net:27017] Monitor thread successfully connected to server with description ServerDescription{address=ac-xgjsddw-shard-00-00.2rl58gn.mongodb.net:27017, type=REPLICA_SET_SECONDARY, state=CONNECTED, ok=true, minWireVersion=0, maxWireVersion=13, maxDocumentSize=16777216, logicalSessionTimeoutMinutes=30, roundTripTimeNanos=220574600, setName='atlas-d0mgbp-shard-0', canonicalAddress=ac-xgjsddw-shard-00-00.2rl58gn.mongodb.net:27017, hosts=[ac-xgjsddw-shard-00-00.2rl58gn.mongodb.net:27017, ac-xgjsddw-shard-00-01.2rl58gn.mongodb.net:27017, ac-xgjsddw-shard-00-02.2rl58gn.mongodb.net:27017], passives=[], arbiters=[], primary='ac-xgjsddw-shard-00-02.2rl58gn.mongodb.net:27017', tagSet=TagSet{[Tag{name='nodeType', value='ELECTABLE'}, Tag{name='provider', value='AWS'}, Tag{name='region', value='AP_SOUTH_1'}, Tag{name='workloadType', value='OPERATIONAL'}]}, electionId=null, setVersion=4, topologyVersion=TopologyVersion{processId=63872447802db73af5cfc62f, counter=4}, lastWriteDate=Sat Dec 03 09:16:31 IST 2022, lastUpdateTimeNanos=766930341799700}
2022-12-03 09:16:32,277 [INFO] org.mongodb.driver.cluster [cluster-ClusterId{value='638ac6974e1ead68731d6b4f', description='null'}-ac-xgjsddw-shard-00-02.2rl58gn.mongodb.net:27017] Discovered replica set primary ac-xgjsddw-shard-00-02.2rl58gn.mongodb.net:27017 with max election id 7fffffff0000000000000091 and max set version 4
2022-12-03 09:16:33,100 [INFO] org.springframework.cloud.netflix.eureka.config.DiscoveryClientOptionalArgsConfiguration [restartedMain] Eureka HTTP Client uses RestTemplate.
2022-12-03 09:16:33,245 [WARN] org.springframework.cloud.loadbalancer.config.LoadBalancerCacheAutoConfiguration$LoadBalancerCaffeineWarnLogger [restartedMain] Spring Cloud LoadBalancer is currently working with the default cache. While this cache implementation is useful for development and tests, it's recommended to use Caffeine cache in production.You can switch to using Caffeine cache, by adding it and org.springframework.cache.caffeine.CaffeineCacheManager to the classpath.
2022-12-03 09:16:33,268 [INFO] org.springframework.cloud.netflix.eureka.InstanceInfoFactory [restartedMain] Setting initial instance status as: STARTING
2022-12-03 09:16:33,349 [INFO] com.netflix.discovery.DiscoveryClient [restartedMain] Initializing Eureka in region us-east-1
2022-12-03 09:16:33,358 [INFO] com.netflix.discovery.shared.resolver.aws.ConfigClusterResolver [restartedMain] Resolving eureka endpoints via configuration
2022-12-03 09:16:33,384 [INFO] com.netflix.discovery.DiscoveryClient [restartedMain] Disable delta property : false
2022-12-03 09:16:33,384 [INFO] com.netflix.discovery.DiscoveryClient [restartedMain] Single vip registry refresh property : null
2022-12-03 09:16:33,384 [INFO] com.netflix.discovery.DiscoveryClient [restartedMain] Force full registry fetch : false
2022-12-03 09:16:33,385 [INFO] com.netflix.discovery.DiscoveryClient [restartedMain] Application is null : false
2022-12-03 09:16:33,385 [INFO] com.netflix.discovery.DiscoveryClient [restartedMain] Registered Applications size is zero : true
2022-12-03 09:16:33,385 [INFO] com.netflix.discovery.DiscoveryClient [restartedMain] Application version is -1: true
2022-12-03 09:16:33,385 [INFO] com.netflix.discovery.DiscoveryClient [restartedMain] Getting all instance registry info from the eureka server
2022-12-03 09:16:33,650 [INFO] com.netflix.discovery.DiscoveryClient [restartedMain] The response status is 200
2022-12-03 09:16:33,652 [INFO] com.netflix.discovery.DiscoveryClient [restartedMain] Starting heartbeat executor: renew interval is: 30
2022-12-03 09:16:33,655 [INFO] com.netflix.discovery.InstanceInfoReplicator [restartedMain] InstanceInfoReplicator onDemand update allowed rate per min is 4
2022-12-03 09:16:33,664 [INFO] com.netflix.discovery.DiscoveryClient [restartedMain] Discovery Client initialized at timestamp 1670039193662 with initial instances count: 0
2022-12-03 09:16:33,667 [INFO] org.springframework.cloud.netflix.eureka.serviceregistry.EurekaServiceRegistry [restartedMain] Registering application PRODUCT-SERVICE with eureka with status UP
2022-12-03 09:16:33,668 [INFO] com.netflix.discovery.DiscoveryClient [restartedMain] Saw local status change event StatusChangeEvent [timestamp=1670039193668, current=UP, previous=STARTING]
2022-12-03 09:16:33,671 [INFO] com.netflix.discovery.DiscoveryClient [DiscoveryClient-InstanceInfoReplicator-0] DiscoveryClient_PRODUCT-SERVICE/INLEN8520020224.corp.capgemini.com:product-service:2222: registering service...
2022-12-03 09:16:33,700 [INFO] org.springframework.boot.web.embedded.tomcat.TomcatWebServer [restartedMain] Tomcat started on port(s): 2222 (http) with context path ''
2022-12-03 09:16:33,702 [INFO] org.springframework.cloud.netflix.eureka.serviceregistry.EurekaAutoServiceRegistration [restartedMain] Updating port to 2222
2022-12-03 09:16:33,717 [INFO] com.netflix.discovery.DiscoveryClient [DiscoveryClient-InstanceInfoReplicator-0] DiscoveryClient_PRODUCT-SERVICE/INLEN8520020224.corp.capgemini.com:product-service:2222 - registration status: 204
2022-12-03 09:16:33,820 [INFO] com.eshoppingzone.ProductMicroserviceApplication [restartedMain] Started ProductMicroserviceApplication in 4.255 seconds (process running for 4.805)
2022-12-03 09:17:03,663 [INFO] com.netflix.discovery.DiscoveryClient [DiscoveryClient-CacheRefreshExecutor-0] Disable delta property : false
2022-12-03 09:17:03,664 [INFO] com.netflix.discovery.DiscoveryClient [DiscoveryClient-CacheRefreshExecutor-0] Single vip registry refresh property : null
2022-12-03 09:17:03,665 [INFO] com.netflix.discovery.DiscoveryClient [DiscoveryClient-CacheRefreshExecutor-0] Force full registry fetch : false
2022-12-03 09:17:03,666 [INFO] com.netflix.discovery.DiscoveryClient [DiscoveryClient-CacheRefreshExecutor-0] Application is null : false
2022-12-03 09:17:03,666 [INFO] com.netflix.discovery.DiscoveryClient [DiscoveryClient-CacheRefreshExecutor-0] Registered Applications size is zero : true
2022-12-03 09:17:03,667 [INFO] com.netflix.discovery.DiscoveryClient [DiscoveryClient-CacheRefreshExecutor-0] Application version is -1: false
2022-12-03 09:17:03,667 [INFO] com.netflix.discovery.DiscoveryClient [DiscoveryClient-CacheRefreshExecutor-0] Getting all instance registry info from the eureka server
2022-12-03 09:17:03,690 [INFO] com.netflix.discovery.DiscoveryClient [DiscoveryClient-CacheRefreshExecutor-0] The response status is 200
2022-12-03 09:18:32,543 [INFO] com.eshoppingzone.ProductMicroserviceApplication [restartedMain] Starting ProductMicroserviceApplication using Java 17.0.5 with PID 2240 (C:\Users\suschint\Downloads\Product-Microservice\target\classes started by suschint in C:\Users\suschint\Downloads\Product-Microservice)
2022-12-03 09:18:32,545 [DEBUG] com.eshoppingzone.ProductMicroserviceApplication [restartedMain] Running with Spring Boot v3.0.0, Spring v6.0.2
2022-12-03 09:18:32,546 [INFO] com.eshoppingzone.ProductMicroserviceApplication [restartedMain] No active profile set, falling back to 1 default profile: "default"
2022-12-03 09:18:32,609 [INFO] org.springframework.boot.devtools.env.DevToolsPropertyDefaultsPostProcessor [restartedMain] Devtools property defaults active! Set 'spring.devtools.add-properties' to 'false' to disable
2022-12-03 09:18:32,610 [INFO] org.springframework.boot.devtools.env.DevToolsPropertyDefaultsPostProcessor [restartedMain] For additional web related logging consider setting the 'logging.level.web' property to 'DEBUG'
2022-12-03 09:18:33,221 [INFO] org.springframework.data.repository.config.RepositoryConfigurationDelegate [restartedMain] Bootstrapping Spring Data MongoDB repositories in DEFAULT mode.
2022-12-03 09:18:33,341 [INFO] org.springframework.data.repository.config.RepositoryConfigurationDelegate [restartedMain] Finished Spring Data repository scanning in 115 ms. Found 1 MongoDB repository interfaces.
2022-12-03 09:18:33,562 [INFO] org.springframework.cloud.context.scope.GenericScope [restartedMain] BeanFactory id=083595be-77ec-3308-86ed-fc9cb73559a5
2022-12-03 09:18:34,059 [INFO] org.springframework.boot.web.embedded.tomcat.TomcatWebServer [restartedMain] Tomcat initialized with port(s): 2222 (http)
2022-12-03 09:18:34,071 [INFO] org.apache.catalina.core.StandardService [restartedMain] Starting service [Tomcat]
2022-12-03 09:18:34,072 [INFO] org.apache.catalina.core.StandardEngine [restartedMain] Starting Servlet engine: [Apache Tomcat/10.1.1]
2022-12-03 09:18:34,139 [INFO] org.apache.catalina.core.ContainerBase.[Tomcat].[localhost].[/] [restartedMain] Initializing Spring embedded WebApplicationContext
2022-12-03 09:18:34,139 [INFO] org.springframework.boot.web.servlet.context.ServletWebServerApplicationContext [restartedMain] Root WebApplicationContext: initialization completed in 1529 ms
2022-12-03 09:18:34,379 [INFO] org.mongodb.driver.client [restartedMain] MongoClient with metadata {"driver": {"name": "mongo-java-driver|sync|spring-boot", "version": "4.8.0"}, "os": {"type": "Windows", "name": "Windows 11", "architecture": "amd64", "version": "10.0"}, "platform": "Java/Eclipse Adoptium/17.0.5+8"} created with settings MongoClientSettings{readPreference=primary, writeConcern=WriteConcern{w=majority, wTimeout=null ms, journal=null}, retryWrites=true, retryReads=true, readConcern=ReadConcern{level=null}, credential=MongoCredential{mechanism=null, userName='chinthalasushma2801', source='admin', password=<hidden>, mechanismProperties=<hidden>}, streamFactoryFactory=null, commandListeners=[], codecRegistry=ProvidersCodecRegistry{codecProviders=[ValueCodecProvider{}, BsonValueCodecProvider{}, DBRefCodecProvider{}, DBObjectCodecProvider{}, DocumentCodecProvider{}, CollectionCodecProvider{}, IterableCodecProvider{}, MapCodecProvider{}, GeoJsonCodecProvider{}, GridFSFileCodecProvider{}, Jsr310CodecProvider{}, JsonObjectCodecProvider{}, BsonCodecProvider{}, EnumCodecProvider{}, com.mongodb.Jep395RecordCodecProvider@78b8591c]}, clusterSettings={hosts=[127.0.0.1:27017], srvHost=cluster0.2rl58gn.mongodb.net, srvServiceName=mongodb, mode=MULTIPLE, requiredClusterType=REPLICA_SET, requiredReplicaSetName='atlas-d0mgbp-shard-0', serverSelector='null', clusterListeners='[]', serverSelectionTimeout='30000 ms', localThreshold='30000 ms'}, socketSettings=SocketSettings{connectTimeoutMS=10000, readTimeoutMS=0, receiveBufferSize=0, sendBufferSize=0}, heartbeatSocketSettings=SocketSettings{connectTimeoutMS=10000, readTimeoutMS=10000, receiveBufferSize=0, sendBufferSize=0}, connectionPoolSettings=ConnectionPoolSettings{maxSize=100, minSize=0, maxWaitTimeMS=120000, maxConnectionLifeTimeMS=0, maxConnectionIdleTimeMS=0, maintenanceInitialDelayMS=0, maintenanceFrequencyMS=60000, connectionPoolListeners=[], maxConnecting=2}, serverSettings=ServerSettings{heartbeatFrequencyMS=10000, minHeartbeatFrequencyMS=500, serverListeners='[]', serverMonitorListeners='[]'}, sslSettings=SslSettings{enabled=true, invalidHostNameAllowed=false, context=null}, applicationName='null', compressorList=[], uuidRepresentation=JAVA_LEGACY, serverApi=null, autoEncryptionSettings=null, contextProvider=null}
2022-12-03 09:18:34,389 [INFO] org.mongodb.driver.cluster [cluster-ClusterId{value='638ac7128403e708eaaa1b4a', description='null'}-srv-cluster0.2rl58gn.mongodb.net] Adding discovered server ac-xgjsddw-shard-00-00.2rl58gn.mongodb.net:27017 to client view of cluster
2022-12-03 09:18:34,409 [INFO] org.mongodb.driver.cluster [cluster-ClusterId{value='638ac7128403e708eaaa1b4a', description='null'}-srv-cluster0.2rl58gn.mongodb.net] Adding discovered server ac-xgjsddw-shard-00-01.2rl58gn.mongodb.net:27017 to client view of cluster
2022-12-03 09:18:34,410 [INFO] org.mongodb.driver.cluster [cluster-ClusterId{value='638ac7128403e708eaaa1b4a', description='null'}-srv-cluster0.2rl58gn.mongodb.net] Adding discovered server ac-xgjsddw-shard-00-02.2rl58gn.mongodb.net:27017 to client view of cluster
2022-12-03 09:18:34,540 [WARN] org.springframework.boot.devtools.autoconfigure.OptionalLiveReloadServer [restartedMain] Unable to start LiveReload server
2022-12-03 09:18:34,798 [INFO] org.mongodb.driver.cluster [cluster-ClusterId{value='638ac7128403e708eaaa1b4a', description='null'}-ac-xgjsddw-shard-00-00.2rl58gn.mongodb.net:27017] Monitor thread successfully connected to server with description ServerDescription{address=ac-xgjsddw-shard-00-00.2rl58gn.mongodb.net:27017, type=REPLICA_SET_SECONDARY, state=CONNECTED, ok=true, minWireVersion=0, maxWireVersion=13, maxDocumentSize=16777216, logicalSessionTimeoutMinutes=30, roundTripTimeNanos=207085800, setName='atlas-d0mgbp-shard-0', canonicalAddress=ac-xgjsddw-shard-00-00.2rl58gn.mongodb.net:27017, hosts=[ac-xgjsddw-shard-00-00.2rl58gn.mongodb.net:27017, ac-xgjsddw-shard-00-01.2rl58gn.mongodb.net:27017, ac-xgjsddw-shard-00-02.2rl58gn.mongodb.net:27017], passives=[], arbiters=[], primary='ac-xgjsddw-shard-00-02.2rl58gn.mongodb.net:27017', tagSet=TagSet{[Tag{name='nodeType', value='ELECTABLE'}, Tag{name='provider', value='AWS'}, Tag{name='region', value='AP_SOUTH_1'}, Tag{name='workloadType', value='OPERATIONAL'}]}, electionId=null, setVersion=4, topologyVersion=TopologyVersion{processId=63872447802db73af5cfc62f, counter=4}, lastWriteDate=Sat Dec 03 09:18:34 IST 2022, lastUpdateTimeNanos=767052868123700}
2022-12-03 09:18:34,798 [INFO] org.mongodb.driver.cluster [cluster-ClusterId{value='638ac7128403e708eaaa1b4a', description='null'}-ac-xgjsddw-shard-00-02.2rl58gn.mongodb.net:27017] Monitor thread successfully connected to server with description ServerDescription{address=ac-xgjsddw-shard-00-02.2rl58gn.mongodb.net:27017, type=REPLICA_SET_PRIMARY, state=CONNECTED, ok=true, minWireVersion=0, maxWireVersion=13, maxDocumentSize=16777216, logicalSessionTimeoutMinutes=30, roundTripTimeNanos=207211900, setName='atlas-d0mgbp-shard-0', canonicalAddress=ac-xgjsddw-shard-00-02.2rl58gn.mongodb.net:27017, hosts=[ac-xgjsddw-shard-00-00.2rl58gn.mongodb.net:27017, ac-xgjsddw-shard-00-01.2rl58gn.mongodb.net:27017, ac-xgjsddw-shard-00-02.2rl58gn.mongodb.net:27017], passives=[], arbiters=[], primary='ac-xgjsddw-shard-00-02.2rl58gn.mongodb.net:27017', tagSet=TagSet{[Tag{name='nodeType', value='ELECTABLE'}, Tag{name='provider', value='AWS'}, Tag{name='region', value='AP_SOUTH_1'}, Tag{name='workloadType', value='OPERATIONAL'}]}, electionId=7fffffff0000000000000091, setVersion=4, topologyVersion=TopologyVersion{processId=6387254dc1bd833b64b6cd93, counter=6}, lastWriteDate=Sat Dec 03 09:18:34 IST 2022, lastUpdateTimeNanos=767052868238200}
2022-12-03 09:18:34,798 [INFO] org.mongodb.driver.cluster [cluster-ClusterId{value='638ac7128403e708eaaa1b4a', description='null'}-ac-xgjsddw-shard-00-01.2rl58gn.mongodb.net:27017] Monitor thread successfully connected to server with description ServerDescription{address=ac-xgjsddw-shard-00-01.2rl58gn.mongodb.net:27017, type=REPLICA_SET_SECONDARY, state=CONNECTED, ok=true, minWireVersion=0, maxWireVersion=13, maxDocumentSize=16777216, logicalSessionTimeoutMinutes=30, roundTripTimeNanos=207229800, setName='atlas-d0mgbp-shard-0', canonicalAddress=ac-xgjsddw-shard-00-01.2rl58gn.mongodb.net:27017, hosts=[ac-xgjsddw-shard-00-00.2rl58gn.mongodb.net:27017, ac-xgjsddw-shard-00-01.2rl58gn.mongodb.net:27017, ac-xgjsddw-shard-00-02.2rl58gn.mongodb.net:27017], passives=[], arbiters=[], primary='ac-xgjsddw-shard-00-02.2rl58gn.mongodb.net:27017', tagSet=TagSet{[Tag{name='nodeType', value='ELECTABLE'}, Tag{name='provider', value='AWS'}, Tag{name='region', value='AP_SOUTH_1'}, Tag{name='workloadType', value='OPERATIONAL'}]}, electionId=null, setVersion=4, topologyVersion=TopologyVersion{processId=6387266241c4da109a02474c, counter=3}, lastWriteDate=Sat Dec 03 09:18:34 IST 2022, lastUpdateTimeNanos=767052868256400}
2022-12-03 09:18:34,802 [INFO] org.mongodb.driver.cluster [cluster-ClusterId{value='638ac7128403e708eaaa1b4a', description='null'}-ac-xgjsddw-shard-00-02.2rl58gn.mongodb.net:27017] Discovered replica set primary ac-xgjsddw-shard-00-02.2rl58gn.mongodb.net:27017 with max election id 7fffffff0000000000000091 and max set version 4
2022-12-03 09:18:35,544 [INFO] org.springframework.cloud.netflix.eureka.config.DiscoveryClientOptionalArgsConfiguration [restartedMain] Eureka HTTP Client uses RestTemplate.
2022-12-03 09:18:35,694 [WARN] org.springframework.cloud.loadbalancer.config.LoadBalancerCacheAutoConfiguration$LoadBalancerCaffeineWarnLogger [restartedMain] Spring Cloud LoadBalancer is currently working with the default cache. While this cache implementation is useful for development and tests, it's recommended to use Caffeine cache in production.You can switch to using Caffeine cache, by adding it and org.springframework.cache.caffeine.CaffeineCacheManager to the classpath.
2022-12-03 09:18:35,719 [INFO] org.springframework.cloud.netflix.eureka.InstanceInfoFactory [restartedMain] Setting initial instance status as: STARTING
2022-12-03 09:18:35,806 [INFO] com.netflix.discovery.DiscoveryClient [restartedMain] Initializing Eureka in region us-east-1
2022-12-03 09:18:35,811 [INFO] com.netflix.discovery.shared.resolver.aws.ConfigClusterResolver [restartedMain] Resolving eureka endpoints via configuration
2022-12-03 09:18:35,837 [INFO] com.netflix.discovery.DiscoveryClient [restartedMain] Disable delta property : false
2022-12-03 09:18:35,837 [INFO] com.netflix.discovery.DiscoveryClient [restartedMain] Single vip registry refresh property : null
2022-12-03 09:18:35,837 [INFO] com.netflix.discovery.DiscoveryClient [restartedMain] Force full registry fetch : false
2022-12-03 09:18:35,837 [INFO] com.netflix.discovery.DiscoveryClient [restartedMain] Application is null : false
2022-12-03 09:18:35,837 [INFO] com.netflix.discovery.DiscoveryClient [restartedMain] Registered Applications size is zero : true
2022-12-03 09:18:35,838 [INFO] com.netflix.discovery.DiscoveryClient [restartedMain] Application version is -1: true
2022-12-03 09:18:35,838 [INFO] com.netflix.discovery.DiscoveryClient [restartedMain] Getting all instance registry info from the eureka server
2022-12-03 09:18:36,110 [INFO] com.netflix.discovery.DiscoveryClient [restartedMain] The response status is 200
2022-12-03 09:18:36,113 [INFO] com.netflix.discovery.DiscoveryClient [restartedMain] Starting heartbeat executor: renew interval is: 30
2022-12-03 09:18:36,117 [INFO] com.netflix.discovery.InstanceInfoReplicator [restartedMain] InstanceInfoReplicator onDemand update allowed rate per min is 4
2022-12-03 09:18:36,124 [INFO] com.netflix.discovery.DiscoveryClient [restartedMain] Discovery Client initialized at timestamp 1670039316123 with initial instances count: 1
2022-12-03 09:18:36,128 [INFO] org.springframework.cloud.netflix.eureka.serviceregistry.EurekaServiceRegistry [restartedMain] Registering application PRODUCT-SERVICE with eureka with status UP
2022-12-03 09:18:36,129 [INFO] com.netflix.discovery.DiscoveryClient [restartedMain] Saw local status change event StatusChangeEvent [timestamp=1670039316129, current=UP, previous=STARTING]
2022-12-03 09:18:36,133 [INFO] com.netflix.discovery.DiscoveryClient [DiscoveryClient-InstanceInfoReplicator-0] DiscoveryClient_PRODUCT-SERVICE/INLEN8520020224.corp.capgemini.com:product-service:2222: registering service...
2022-12-03 09:18:36,137 [WARN] org.springframework.boot.web.servlet.context.AnnotationConfigServletWebServerApplicationContext [restartedMain] Exception encountered during context initialization - cancelling refresh attempt: org.springframework.context.ApplicationContextException: Failed to start bean 'webServerStartStop'
2022-12-03 09:18:36,177 [INFO] com.netflix.discovery.DiscoveryClient [DiscoveryClient-InstanceInfoReplicator-0] DiscoveryClient_PRODUCT-SERVICE/INLEN8520020224.corp.capgemini.com:product-service:2222 - registration status: 204
2022-12-03 09:18:36,221 [INFO] com.netflix.discovery.DiscoveryClient [restartedMain] Shutting down DiscoveryClient ...
2022-12-03 09:18:39,237 [INFO] com.netflix.discovery.DiscoveryClient [restartedMain] Unregistering ...
2022-12-03 09:18:39,243 [INFO] com.netflix.discovery.DiscoveryClient [restartedMain] DiscoveryClient_PRODUCT-SERVICE/INLEN8520020224.corp.capgemini.com:product-service:2222 - deregister  status: 200
2022-12-03 09:18:39,247 [INFO] com.netflix.discovery.DiscoveryClient [restartedMain] Completed shut down of DiscoveryClient
2022-12-03 09:18:39,250 [INFO] org.apache.catalina.core.StandardService [restartedMain] Stopping service [Tomcat]
2022-12-03 09:18:39,271 [INFO] org.springframework.boot.autoconfigure.logging.ConditionEvaluationReportLogger [restartedMain] 

Error starting ApplicationContext. To display the condition evaluation report re-run your application with 'debug' enabled.
2022-12-03 09:18:39,289 [ERROR] org.springframework.boot.diagnostics.LoggingFailureAnalysisReporter [restartedMain] 

***************************
APPLICATION FAILED TO START
***************************

Description:

Web server failed to start. Port 2222 was already in use.

Action:

Identify and stop the process that's listening on port 2222 or configure this application to listen on another port.

